0 info it worked if it ends with ok
1 verbose cli [ '/usr/local/bin/node', '/usr/local/bin/npm', 'update' ]
2 info using npm@2.15.9
3 info using node@v4.6.0
4 silly mapToRegistry name body-parser
5 silly mapToRegistry using default registry
6 silly mapToRegistry registry https://registry.npmjs.org/
7 silly mapToRegistry data Result {
7 silly mapToRegistry   raw: 'body-parser',
7 silly mapToRegistry   scope: null,
7 silly mapToRegistry   name: 'body-parser',
7 silly mapToRegistry   rawSpec: '',
7 silly mapToRegistry   spec: 'latest',
7 silly mapToRegistry   type: 'tag' }
8 silly mapToRegistry uri https://registry.npmjs.org/body-parser
9 silly mapToRegistry name cookie-parser
10 silly mapToRegistry using default registry
11 silly mapToRegistry registry https://registry.npmjs.org/
12 silly mapToRegistry data Result {
12 silly mapToRegistry   raw: 'cookie-parser',
12 silly mapToRegistry   scope: null,
12 silly mapToRegistry   name: 'cookie-parser',
12 silly mapToRegistry   rawSpec: '',
12 silly mapToRegistry   spec: 'latest',
12 silly mapToRegistry   type: 'tag' }
13 silly mapToRegistry uri https://registry.npmjs.org/cookie-parser
14 silly mapToRegistry name debug
15 silly mapToRegistry using default registry
16 silly mapToRegistry registry https://registry.npmjs.org/
17 silly mapToRegistry data Result {
17 silly mapToRegistry   raw: 'debug',
17 silly mapToRegistry   scope: null,
17 silly mapToRegistry   name: 'debug',
17 silly mapToRegistry   rawSpec: '',
17 silly mapToRegistry   spec: 'latest',
17 silly mapToRegistry   type: 'tag' }
18 silly mapToRegistry uri https://registry.npmjs.org/debug
19 silly mapToRegistry name ejs
20 silly mapToRegistry using default registry
21 silly mapToRegistry registry https://registry.npmjs.org/
22 silly mapToRegistry data Result {
22 silly mapToRegistry   raw: 'ejs',
22 silly mapToRegistry   scope: null,
22 silly mapToRegistry   name: 'ejs',
22 silly mapToRegistry   rawSpec: '',
22 silly mapToRegistry   spec: 'latest',
22 silly mapToRegistry   type: 'tag' }
23 silly mapToRegistry uri https://registry.npmjs.org/ejs
24 silly mapToRegistry name express
25 silly mapToRegistry using default registry
26 silly mapToRegistry registry https://registry.npmjs.org/
27 silly mapToRegistry data Result {
27 silly mapToRegistry   raw: 'express',
27 silly mapToRegistry   scope: null,
27 silly mapToRegistry   name: 'express',
27 silly mapToRegistry   rawSpec: '',
27 silly mapToRegistry   spec: 'latest',
27 silly mapToRegistry   type: 'tag' }
28 silly mapToRegistry uri https://registry.npmjs.org/express
29 silly mapToRegistry name morgan
30 silly mapToRegistry using default registry
31 silly mapToRegistry registry https://registry.npmjs.org/
32 silly mapToRegistry data Result {
32 silly mapToRegistry   raw: 'morgan',
32 silly mapToRegistry   scope: null,
32 silly mapToRegistry   name: 'morgan',
32 silly mapToRegistry   rawSpec: '',
32 silly mapToRegistry   spec: 'latest',
32 silly mapToRegistry   type: 'tag' }
33 silly mapToRegistry uri https://registry.npmjs.org/morgan
34 silly mapToRegistry name serve-favicon
35 silly mapToRegistry using default registry
36 silly mapToRegistry registry https://registry.npmjs.org/
37 silly mapToRegistry data Result {
37 silly mapToRegistry   raw: 'serve-favicon',
37 silly mapToRegistry   scope: null,
37 silly mapToRegistry   name: 'serve-favicon',
37 silly mapToRegistry   rawSpec: '',
37 silly mapToRegistry   spec: 'latest',
37 silly mapToRegistry   type: 'tag' }
38 silly mapToRegistry uri https://registry.npmjs.org/serve-favicon
39 verbose request uri https://registry.npmjs.org/debug
40 verbose request no auth needed
41 info attempt registry request try #1 at 8:50:14 AM
42 verbose request id cd960c78bce4e167
43 verbose etag "4KNV44AL9A699LLWBV509HXVN"
44 http request GET https://registry.npmjs.org/debug
45 verbose request uri https://registry.npmjs.org/body-parser
46 verbose request no auth needed
47 info attempt registry request try #1 at 8:50:15 AM
48 verbose etag "239XXTKAKX7MOC0XKCTA8AOFL"
49 http request GET https://registry.npmjs.org/body-parser
50 verbose request uri https://registry.npmjs.org/cookie-parser
51 verbose request no auth needed
52 info attempt registry request try #1 at 8:50:15 AM
53 verbose etag "3B19VUZZP8RK4MY4JWOBU0CYH"
54 http request GET https://registry.npmjs.org/cookie-parser
55 verbose request uri https://registry.npmjs.org/express
56 verbose request no auth needed
57 info attempt registry request try #1 at 8:50:15 AM
58 verbose etag "4R5JCQ9SPPZ3J1R1FATBSWVAF"
59 http request GET https://registry.npmjs.org/express
60 info retry will retry, error on last attempt: Error: getaddrinfo ENOTFOUND registry.npmjs.org registry.npmjs.org:443
61 info retry will retry, error on last attempt: Error: getaddrinfo ENOTFOUND registry.npmjs.org registry.npmjs.org:443
62 verbose request uri https://registry.npmjs.org/morgan
63 verbose request no auth needed
64 info attempt registry request try #1 at 8:50:19 AM
65 verbose etag "A5FW1M5E54J4NUOD8K6JV8GBJ"
66 http request GET https://registry.npmjs.org/morgan
67 verbose request uri https://registry.npmjs.org/ejs
68 verbose request no auth needed
69 info attempt registry request try #1 at 8:50:19 AM
70 verbose etag "3Q4VH0NQKEB0LKBCCX37EA2C4"
71 http request GET https://registry.npmjs.org/ejs
72 info retry will retry, error on last attempt: Error: getaddrinfo ENOTFOUND registry.npmjs.org registry.npmjs.org:443
73 info retry will retry, error on last attempt: Error: getaddrinfo ENOTFOUND registry.npmjs.org registry.npmjs.org:443
74 info retry will retry, error on last attempt: Error: getaddrinfo ENOTFOUND registry.npmjs.org registry.npmjs.org:443
75 info retry will retry, error on last attempt: Error: getaddrinfo ENOTFOUND registry.npmjs.org registry.npmjs.org:443
76 verbose request uri https://registry.npmjs.org/serve-favicon
77 verbose request no auth needed
78 info attempt registry request try #1 at 8:50:19 AM
79 verbose etag "2JR1VRSB90S7X148M9UFOCAOT"
80 http request GET https://registry.npmjs.org/serve-favicon
81 info retry will retry, error on last attempt: Error: getaddrinfo ENOTFOUND registry.npmjs.org registry.npmjs.org:443
82 info attempt registry request try #2 at 8:50:29 AM
83 verbose etag "4R5JCQ9SPPZ3J1R1FATBSWVAF"
84 http request GET https://registry.npmjs.org/express
85 info attempt registry request try #2 at 8:50:29 AM
86 verbose etag "239XXTKAKX7MOC0XKCTA8AOFL"
87 http request GET https://registry.npmjs.org/body-parser
88 info attempt registry request try #2 at 8:50:29 AM
89 verbose etag "3B19VUZZP8RK4MY4JWOBU0CYH"
90 http request GET https://registry.npmjs.org/cookie-parser
91 info attempt registry request try #2 at 8:50:29 AM
92 verbose etag "4KNV44AL9A699LLWBV509HXVN"
93 http request GET https://registry.npmjs.org/debug
94 info retry will retry, error on last attempt: Error: getaddrinfo ENOTFOUND registry.npmjs.org registry.npmjs.org:443
95 info retry will retry, error on last attempt: Error: getaddrinfo ENOTFOUND registry.npmjs.org registry.npmjs.org:443
96 info attempt registry request try #2 at 8:50:29 AM
97 verbose etag "A5FW1M5E54J4NUOD8K6JV8GBJ"
98 http request GET https://registry.npmjs.org/morgan
99 info attempt registry request try #2 at 8:50:29 AM
100 verbose etag "3Q4VH0NQKEB0LKBCCX37EA2C4"
101 http request GET https://registry.npmjs.org/ejs
102 info retry will retry, error on last attempt: Error: getaddrinfo ENOTFOUND registry.npmjs.org registry.npmjs.org:443
103 info retry will retry, error on last attempt: Error: getaddrinfo ENOTFOUND registry.npmjs.org registry.npmjs.org:443
104 info retry will retry, error on last attempt: Error: getaddrinfo ENOTFOUND registry.npmjs.org registry.npmjs.org:443
105 info retry will retry, error on last attempt: Error: getaddrinfo ENOTFOUND registry.npmjs.org registry.npmjs.org:443
106 info attempt registry request try #2 at 8:50:29 AM
107 verbose etag "2JR1VRSB90S7X148M9UFOCAOT"
108 http request GET https://registry.npmjs.org/serve-favicon
109 info retry will retry, error on last attempt: Error: getaddrinfo ENOTFOUND registry.npmjs.org registry.npmjs.org:443
110 info attempt registry request try #3 at 8:51:29 AM
111 verbose etag "4R5JCQ9SPPZ3J1R1FATBSWVAF"
112 http request GET https://registry.npmjs.org/express
113 info attempt registry request try #3 at 8:51:29 AM
114 verbose etag "239XXTKAKX7MOC0XKCTA8AOFL"
115 http request GET https://registry.npmjs.org/body-parser
116 info attempt registry request try #3 at 8:51:29 AM
117 verbose etag "3B19VUZZP8RK4MY4JWOBU0CYH"
118 http request GET https://registry.npmjs.org/cookie-parser
119 info attempt registry request try #3 at 8:51:29 AM
120 verbose etag "4KNV44AL9A699LLWBV509HXVN"
121 http request GET https://registry.npmjs.org/debug
122 info attempt registry request try #3 at 8:51:29 AM
123 verbose etag "A5FW1M5E54J4NUOD8K6JV8GBJ"
124 http request GET https://registry.npmjs.org/morgan
125 info attempt registry request try #3 at 8:51:29 AM
126 verbose etag "3Q4VH0NQKEB0LKBCCX37EA2C4"
127 http request GET https://registry.npmjs.org/ejs
128 info attempt registry request try #3 at 8:51:29 AM
129 verbose etag "2JR1VRSB90S7X148M9UFOCAOT"
130 http request GET https://registry.npmjs.org/serve-favicon
131 silly get cb [ 304, undefined ]
132 verbose etag https://registry.npmjs.org/debug from cache
133 verbose get saving debug to /Users/Tanzib/.npm/registry.npmjs.org/debug/.cache.json
134 verbose correctMkdir /Users/Tanzib/.npm correctMkdir not in flight; initializing
135 silly get cb [ 304, undefined ]
136 verbose etag https://registry.npmjs.org/cookie-parser from cache
137 verbose get saving cookie-parser to /Users/Tanzib/.npm/registry.npmjs.org/cookie-parser/.cache.json
138 verbose correctMkdir /Users/Tanzib/.npm correctMkdir already in flight; waiting
139 silly get cb [ 304, undefined ]
140 verbose etag https://registry.npmjs.org/express from cache
141 verbose get saving express to /Users/Tanzib/.npm/registry.npmjs.org/express/.cache.json
142 verbose correctMkdir /Users/Tanzib/.npm correctMkdir already in flight; waiting
143 silly get cb [ 304, undefined ]
144 verbose etag https://registry.npmjs.org/body-parser from cache
145 verbose get saving body-parser to /Users/Tanzib/.npm/registry.npmjs.org/body-parser/.cache.json
146 verbose correctMkdir /Users/Tanzib/.npm correctMkdir already in flight; waiting
147 silly cache add args [ 'cookie-parser', '~1.4.3' ]
148 verbose cache add spec cookie-parser@~1.4.3
149 silly cache add parsed spec Result {
149 silly cache add   raw: 'cookie-parser@~1.4.3',
149 silly cache add   scope: null,
149 silly cache add   name: 'cookie-parser',
149 silly cache add   rawSpec: '~1.4.3',
149 silly cache add   spec: '>=1.4.3 <1.5.0',
149 silly cache add   type: 'range' }
150 silly addNamed cookie-parser@>=1.4.3 <1.5.0
151 verbose addNamed ">=1.4.3 <1.5.0" is a valid semver range for cookie-parser
152 silly addNameRange { name: 'cookie-parser',
152 silly addNameRange   range: '>=1.4.3 <1.5.0',
152 silly addNameRange   hasData: false }
153 silly mapToRegistry name cookie-parser
154 silly mapToRegistry using default registry
155 silly mapToRegistry registry https://registry.npmjs.org/
156 silly mapToRegistry data Result {
156 silly mapToRegistry   raw: 'cookie-parser',
156 silly mapToRegistry   scope: null,
156 silly mapToRegistry   name: 'cookie-parser',
156 silly mapToRegistry   rawSpec: '',
156 silly mapToRegistry   spec: 'latest',
156 silly mapToRegistry   type: 'tag' }
157 silly mapToRegistry uri https://registry.npmjs.org/cookie-parser
158 verbose addNameRange registry:https://registry.npmjs.org/cookie-parser not in flight; fetching
159 silly cache add args [ 'body-parser', '~1.15.2' ]
160 verbose cache add spec body-parser@~1.15.2
161 silly cache add parsed spec Result {
161 silly cache add   raw: 'body-parser@~1.15.2',
161 silly cache add   scope: null,
161 silly cache add   name: 'body-parser',
161 silly cache add   rawSpec: '~1.15.2',
161 silly cache add   spec: '>=1.15.2 <1.16.0',
161 silly cache add   type: 'range' }
162 silly addNamed body-parser@>=1.15.2 <1.16.0
163 verbose addNamed ">=1.15.2 <1.16.0" is a valid semver range for body-parser
164 silly addNameRange { name: 'body-parser',
164 silly addNameRange   range: '>=1.15.2 <1.16.0',
164 silly addNameRange   hasData: false }
165 silly mapToRegistry name body-parser
166 silly mapToRegistry using default registry
167 silly mapToRegistry registry https://registry.npmjs.org/
168 silly mapToRegistry data Result {
168 silly mapToRegistry   raw: 'body-parser',
168 silly mapToRegistry   scope: null,
168 silly mapToRegistry   name: 'body-parser',
168 silly mapToRegistry   rawSpec: '',
168 silly mapToRegistry   spec: 'latest',
168 silly mapToRegistry   type: 'tag' }
169 silly mapToRegistry uri https://registry.npmjs.org/body-parser
170 verbose addNameRange registry:https://registry.npmjs.org/body-parser not in flight; fetching
171 verbose get https://registry.npmjs.org/cookie-parser not expired, no request
172 silly addNameRange number 2 { name: 'cookie-parser', range: '>=1.4.3 <1.5.0', hasData: true }
173 silly addNameRange versions [ 'cookie-parser',
173 silly addNameRange   [ '1.0.0',
173 silly addNameRange     '1.0.1',
173 silly addNameRange     '1.1.0',
173 silly addNameRange     '1.2.0',
173 silly addNameRange     '1.3.0',
173 silly addNameRange     '1.3.1',
173 silly addNameRange     '1.3.2',
173 silly addNameRange     '1.3.3',
173 silly addNameRange     '1.3.4',
173 silly addNameRange     '1.3.5',
173 silly addNameRange     '1.4.0',
173 silly addNameRange     '1.4.1' ] ]
174 verbose get https://registry.npmjs.org/body-parser not expired, no request
175 silly addNameRange number 2 { name: 'body-parser', range: '>=1.15.2 <1.16.0', hasData: true }
176 silly addNameRange versions [ 'body-parser',
176 silly addNameRange   [ '1.0.0',
176 silly addNameRange     '1.0.1',
176 silly addNameRange     '1.0.2',
176 silly addNameRange     '1.1.0',
176 silly addNameRange     '1.1.1',
176 silly addNameRange     '1.1.2',
176 silly addNameRange     '1.2.0',
176 silly addNameRange     '1.2.1',
176 silly addNameRange     '1.2.2',
176 silly addNameRange     '1.3.0',
176 silly addNameRange     '1.3.1',
176 silly addNameRange     '1.4.0',
176 silly addNameRange     '1.4.1',
176 silly addNameRange     '1.4.2',
176 silly addNameRange     '1.4.3',
176 silly addNameRange     '1.5.0',
176 silly addNameRange     '1.5.1',
176 silly addNameRange     '1.5.2',
176 silly addNameRange     '1.6.0',
176 silly addNameRange     '1.6.1',
176 silly addNameRange     '1.6.2',
176 silly addNameRange     '1.6.3',
176 silly addNameRange     '1.6.4',
176 silly addNameRange     '1.6.5',
176 silly addNameRange     '1.6.6',
176 silly addNameRange     '1.6.7',
176 silly addNameRange     '1.7.0',
176 silly addNameRange     '1.8.0',
176 silly addNameRange     '1.8.1',
176 silly addNameRange     '1.8.2',
176 silly addNameRange     '1.8.3',
176 silly addNameRange     '1.8.4',
176 silly addNameRange     '1.9.0',
176 silly addNameRange     '1.9.1',
176 silly addNameRange     '1.9.2',
176 silly addNameRange     '1.9.3',
176 silly addNameRange     '1.10.0',
176 silly addNameRange     '1.10.1',
176 silly addNameRange     '1.10.2',
176 silly addNameRange     '1.11.0',
176 silly addNameRange     '1.12.0',
176 silly addNameRange     '1.12.1',
176 silly addNameRange     '1.12.2',
176 silly addNameRange     '1.12.3',
176 silly addNameRange     '1.12.4',
176 silly addNameRange     '1.13.0',
176 silly addNameRange     '1.13.1',
176 silly addNameRange     '1.13.2',
176 silly addNameRange     '1.13.3',
176 silly addNameRange     '1.14.0',
176 silly addNameRange     '1.14.1',
176 silly addNameRange     '1.14.2',
176 silly addNameRange     '1.15.0' ] ]
177 silly get cb [ 304, undefined ]
178 verbose etag https://registry.npmjs.org/serve-favicon from cache
179 verbose get saving serve-favicon to /Users/Tanzib/.npm/registry.npmjs.org/serve-favicon/.cache.json
180 verbose correctMkdir /Users/Tanzib/.npm correctMkdir not in flight; initializing
181 silly get cb [ 304, undefined ]
182 verbose etag https://registry.npmjs.org/ejs from cache
183 verbose get saving ejs to /Users/Tanzib/.npm/registry.npmjs.org/ejs/.cache.json
184 verbose correctMkdir /Users/Tanzib/.npm correctMkdir not in flight; initializing
185 silly get cb [ 304, undefined ]
186 verbose etag https://registry.npmjs.org/morgan from cache
187 verbose get saving morgan to /Users/Tanzib/.npm/registry.npmjs.org/morgan/.cache.json
188 verbose correctMkdir /Users/Tanzib/.npm correctMkdir not in flight; initializing
189 silly cache add args [ 'ejs', '^2.5.5' ]
190 verbose cache add spec ejs@^2.5.5
191 silly cache add parsed spec Result {
191 silly cache add   raw: 'ejs@^2.5.5',
191 silly cache add   scope: null,
191 silly cache add   name: 'ejs',
191 silly cache add   rawSpec: '^2.5.5',
191 silly cache add   spec: '>=2.5.5 <3.0.0',
191 silly cache add   type: 'range' }
192 silly addNamed ejs@>=2.5.5 <3.0.0
193 verbose addNamed ">=2.5.5 <3.0.0" is a valid semver range for ejs
194 silly addNameRange { name: 'ejs', range: '>=2.5.5 <3.0.0', hasData: false }
195 silly mapToRegistry name ejs
196 silly mapToRegistry using default registry
197 silly mapToRegistry registry https://registry.npmjs.org/
198 silly mapToRegistry data Result {
198 silly mapToRegistry   raw: 'ejs',
198 silly mapToRegistry   scope: null,
198 silly mapToRegistry   name: 'ejs',
198 silly mapToRegistry   rawSpec: '',
198 silly mapToRegistry   spec: 'latest',
198 silly mapToRegistry   type: 'tag' }
199 silly mapToRegistry uri https://registry.npmjs.org/ejs
200 verbose addNameRange registry:https://registry.npmjs.org/ejs not in flight; fetching
201 verbose get https://registry.npmjs.org/ejs not expired, no request
202 silly addNameRange number 2 { name: 'ejs', range: '>=2.5.5 <3.0.0', hasData: true }
203 silly addNameRange versions [ 'ejs',
203 silly addNameRange   [ '0.0.1',
203 silly addNameRange     '0.0.2',
203 silly addNameRange     '0.0.3',
203 silly addNameRange     '0.0.4',
203 silly addNameRange     '0.1.0',
203 silly addNameRange     '0.2.0',
203 silly addNameRange     '0.2.1',
203 silly addNameRange     '0.3.0',
203 silly addNameRange     '0.3.1',
203 silly addNameRange     '0.4.0',
203 silly addNameRange     '0.4.1',
203 silly addNameRange     '0.4.2',
203 silly addNameRange     '0.4.3',
203 silly addNameRange     '0.5.0',
203 silly addNameRange     '0.6.0',
203 silly addNameRange     '0.6.1',
203 silly addNameRange     '0.7.0',
203 silly addNameRange     '0.7.1',
203 silly addNameRange     '0.7.2',
203 silly addNameRange     '0.8.0',
203 silly addNameRange     '0.8.1',
203 silly addNameRange     '0.8.2',
203 silly addNameRange     '0.8.3',
203 silly addNameRange     '0.8.4',
203 silly addNameRange     '0.8.5',
203 silly addNameRange     '0.8.6',
203 silly addNameRange     '0.8.8',
203 silly addNameRange     '1.0.0',
203 silly addNameRange     '2.0.2',
203 silly addNameRange     '2.0.3',
203 silly addNameRange     '2.0.4',
203 silly addNameRange     '2.0.5',
203 silly addNameRange     '2.0.6',
203 silly addNameRange     '2.0.7',
203 silly addNameRange     '2.0.8',
203 silly addNameRange     '2.1.1',
203 silly addNameRange     '2.1.2',
203 silly addNameRange     '2.1.3',
203 silly addNameRange     '2.1.4',
203 silly addNameRange     '2.2.1',
203 silly addNameRange     '2.2.2',
203 silly addNameRange     '2.2.3',
203 silly addNameRange     '2.2.4',
203 silly addNameRange     '2.3.1',
203 silly addNameRange     '2.3.2',
203 silly addNameRange     '2.3.3',
203 silly addNameRange     '2.3.4',
203 silly addNameRange     '2.4.1',
203 silly addNameRange     '2.4.2',
203 silly addNameRange     '2.5.1',
203 silly addNameRange     '2.5.2' ] ]
204 verbose stack Error: No compatible version found: cookie-parser@'>=1.4.3 <1.5.0'
204 verbose stack Valid install targets:
204 verbose stack ["1.0.0","1.0.1","1.1.0","1.2.0","1.3.0","1.3.1","1.3.2","1.3.3","1.3.4","1.3.5","1.4.0","1.4.1"]
204 verbose stack
204 verbose stack     at installTargetsError (/usr/local/lib/node_modules/npm/lib/cache/add-named.js:284:12)
204 verbose stack     at next (/usr/local/lib/node_modules/npm/lib/cache/add-named.js:262:19)
204 verbose stack     at setData (/usr/local/lib/node_modules/npm/lib/cache/add-named.js:236:5)
204 verbose stack     at RES (/usr/local/lib/node_modules/npm/node_modules/inflight/inflight.js:23:14)
204 verbose stack     at f (/usr/local/lib/node_modules/npm/node_modules/once/once.js:17:25)
204 verbose stack     at fixName (/usr/local/lib/node_modules/npm/lib/cache/add-named.js:29:5)
204 verbose stack     at CachingRegistryClient.get_ (/usr/local/lib/node_modules/npm/lib/cache/caching-client.js:125:16)
204 verbose stack     at /usr/local/lib/node_modules/npm/lib/cache/caching-client.js:91:14
204 verbose stack     at /usr/local/lib/node_modules/npm/node_modules/graceful-fs/graceful-fs.js:78:16
204 verbose stack     at FSReqWrap.readFileAfterClose [as oncomplete] (fs.js:380:3)
205 verbose cwd /Users/Tanzib/Documents/Xooffer/xooffer
206 error Darwin 15.2.0
207 error argv "/usr/local/bin/node" "/usr/local/bin/npm" "update"
208 error node v4.6.0
209 error npm  v2.15.9
210 error code ETARGET
211 error notarget No compatible version found: cookie-parser@'>=1.4.3 <1.5.0'
211 error notarget Valid install targets:
211 error notarget ["1.0.0","1.0.1","1.1.0","1.2.0","1.3.0","1.3.1","1.3.2","1.3.3","1.3.4","1.3.5","1.4.0","1.4.1"]
211 error notarget
211 error notarget This is most likely not a problem with npm itself.
211 error notarget In most cases you or one of your dependencies are requesting
211 error notarget a package version that doesn't exist.
212 verbose exit [ 1, true ]
